<?xml version="1.0" encoding="UTF-8"?>
<!-- Generated by org.testng.reporters.JUnitReportReporter -->
<testsuite hostname="Annam" failures="0" tests="3" name="com.test.VerifyLoginPage" time="0.000" errors="0" timestamp="2024-10-02T16:24:28 IST" skipped="3">
  <testcase classname="com.test.VerifyLoginPage" name="VerifyLoginPage" time="0.000">
    <skipped/>
  </testcase> <!-- VerifyLoginPage -->
  <system-out/>
  <testcase classname="com.test.VerifyLoginPage" name="test2" time="0.000">
    <skipped/>
  </testcase> <!-- test2 -->
  <system-out/>
  <testcase classname="com.test.VerifyLoginPage" name="test3" time="0.000">
    <skipped/>
  </testcase> <!-- test3 -->
  <system-out/>
</testsuite> <!-- com.test.VerifyLoginPage -->
