<?xml version="1.0" encoding="UTF-8"?>
<!-- Generated by org.testng.reporters.JUnitReportReporter -->
<testsuite hostname="Annam" failures="0" tests="1" name="com.test.TC_adduserTest_003" time="0.000" errors="0" timestamp="2024-10-04T21:52:03 IST" skipped="1">
  <testcase classname="com.test.TC_adduserTest_003" name="adduserTest" time="0.000">
    <skipped/>
  </testcase> <!-- adduserTest -->
  <system-out/>
</testsuite> <!-- com.test.TC_adduserTest_003 -->
