<?xml version="1.0" encoding="UTF-8"?>
<!-- Generated by org.testng.reporters.JUnitReportReporter -->
<testsuite hostname="Annam" failures="0" tests="1" name="com.Utility.ReportGenerator" time="3.526" errors="0" timestamp="2024-09-30T21:26:16 IST" skipped="0">
  <testcase classname="com.Utility.ReportGenerator" name="extenttest" time="3.526"/>
  <system-out/>
</testsuite> <!-- com.Utility.ReportGenerator -->
